[2020-03-12 02:54:54] production.ERROR: SQLSTATE[HY000] [1045] Access denied for user 'u779015427_kodatik_ibda_u'@'localhost' (using password: YES) (SQL: select count(*) as aggregate from `users` where `active` = 0 and `users`.`deleted_at` is null) {"exception":"[object] (Illuminate\\Database\\QueryException(code: 1045): SQLSTATE[HY000] [1045] Access denied for user 'u779015427_kodatik_ibda_u'@'localhost' (using password: YES) (SQL: select count(*) as aggregate from `users` where `active` = 0 and `users`.`deleted_at` is null) at /Applications/XAMPP/xamppfiles/htdocs/ibda/vendor/laravel/framework/src/Illuminate/Database/Connection.php:669)
[stacktrace]
#0 /Applications/XAMPP/xamppfiles/htdocs/ibda/vendor/laravel/framework/src/Illuminate/Database/Connection.php(629): Illuminate\\Database\\Connection->runQueryCallback('select count(*)...', Array, Object(Closure))
#1 /Applications/XAMPP/xamppfiles/htdocs/ibda/vendor/laravel/framework/src/Illuminate/Database/Connection.php(338): Illuminate\\Database\\Connection->run('select count(*)...', Array, Object(Closure))
#2 /Applications/XAMPP/xamppfiles/htdocs/ibda/vendor/laravel/framework/src/Illuminate/Database/Query/Builder.php(2132): Illuminate\\Database\\Connection->select('select count(*)...', Array, true)
#3 /Applications/XAMPP/xamppfiles/htdocs/ibda/vendor/laravel/framework/src/Illuminate/Database/Query/Builder.php(2120): Illuminate\\Database\\Query\\Builder->runSelect()
#4 /Applications/XAMPP/xamppfiles/htdocs/ibda/vendor/laravel/framework/src/Illuminate/Database/Query/Builder.php(2586): Illuminate\\Database\\Query\\Builder->Illuminate\\Database\\Query\\{closure}()
#5 /Applications/XAMPP/xamppfiles/htdocs/ibda/vendor/laravel/framework/src/Illuminate/Database/Query/Builder.php(2121): Illuminate\\Database\\Query\\Builder->onceWithColumns(Array, Object(Closure))
#6 /Applications/XAMPP/xamppfiles/htdocs/ibda/vendor/laravel/framework/src/Illuminate/Database/Query/Builder.php(2513): Illuminate\\Database\\Query\\Builder->get(Array)
#7 /Applications/XAMPP/xamppfiles/htdocs/ibda/vendor/laravel/framework/src/Illuminate/Database/Query/Builder.php(2441): Illuminate\\Database\\Query\\Builder->aggregate('count', Array)
#8 /Applications/XAMPP/xamppfiles/htdocs/ibda/vendor/laravel/framework/src/Illuminate/Database/Eloquent/Builder.php(1366): Illuminate\\Database\\Query\\Builder->count()
#9 /Applications/XAMPP/xamppfiles/htdocs/ibda/app/Providers/AppServiceProvider.php(98): Illuminate\\Database\\Eloquent\\Builder->__call('count', Array)
#10 [internal function]: App\\Providers\\AppServiceProvider->boot()
#11 /Applications/XAMPP/xamppfiles/htdocs/ibda/vendor/laravel/framework/src/Illuminate/Container/BoundMethod.php(32): call_user_func_array(Array, Array)
#12 /Applications/XAMPP/xamppfiles/htdocs/ibda/vendor/laravel/framework/src/Illuminate/Container/Util.php(36): Illuminate\\Container\\BoundMethod::Illuminate\\Container\\{closure}()
#13 /Applications/XAMPP/xamppfiles/htdocs/ibda/vendor/laravel/framework/src/Illuminate/Container/BoundMethod.php(90): Illuminate\\Container\\Util::unwrapIfClosure(Object(Closure))
#14 /Applications/XAMPP/xamppfiles/htdocs/ibda/vendor/laravel/framework/src/Illuminate/Container/BoundMethod.php(34): Illuminate\\Container\\BoundMethod::callBoundMethod(Object(Illuminate\\Foundation\\Application), Array, Object(Closure))
#15 /Applications/XAMPP/xamppfiles/htdocs/ibda/vendor/laravel/framework/src/Illuminate/Container/Container.php(590): Illuminate\\Container\\BoundMethod::call(Object(Illuminate\\Foundation\\Application), Array, Array, NULL)
#16 /Applications/XAMPP/xamppfiles/htdocs/ibda/vendor/laravel/framework/src/Illuminate/Foundation/Application.php(836): Illuminate\\Container\\Container->call(Array)
#17 /Applications/XAMPP/xamppfiles/htdocs/ibda/vendor/laravel/framework/src/Illuminate/Foundation/Application.php(819): Illuminate\\Foundation\\Application->bootProvider(Object(App\\Providers\\AppServiceProvider))
#18 [internal function]: Illuminate\\Foundation\\Application->Illuminate\\Foundation\\{closure}(Object(App\\Providers\\AppServiceProvider), 31)
#19 /Applications/XAMPP/xamppfiles/htdocs/ibda/vendor/laravel/framework/src/Illuminate/Foundation/Application.php(820): array_walk(Array, Object(Closure))
#20 /Applications/XAMPP/xamppfiles/htdocs/ibda/vendor/laravel/framework/src/Illuminate/Foundation/Bootstrap/BootProviders.php(17): Illuminate\\Foundation\\Application->boot()
#21 /Applications/XAMPP/xamppfiles/htdocs/ibda/vendor/laravel/framework/src/Illuminate/Foundation/Application.php(219): Illuminate\\Foundation\\Bootstrap\\BootProviders->bootstrap(Object(Illuminate\\Foundation\\Application))
#22 /Applications/XAMPP/xamppfiles/htdocs/ibda/vendor/laravel/framework/src/Illuminate/Foundation/Http/Kernel.php(156): Illuminate\\Foundation\\Application->bootstrapWith(Array)
#23 /Applications/XAMPP/xamppfiles/htdocs/ibda/vendor/laravel/framework/src/Illuminate/Foundation/Http/Kernel.php(140): Illuminate\\Foundation\\Http\\Kernel->bootstrap()
#24 /Applications/XAMPP/xamppfiles/htdocs/ibda/vendor/laravel/framework/src/Illuminate/Foundation/Http/Kernel.php(110): Illuminate\\Foundation\\Http\\Kernel->sendRequestThroughRouter(Object(Illuminate\\Http\\Request))
#25 /Applications/XAMPP/xamppfiles/htdocs/ibda/public/index.php(55): Illuminate\\Foundation\\Http\\Kernel->handle(Object(Illuminate\\Http\\Request))
#26 /Users/abdulsalamalroas/.composer/vendor/laravel/valet/server.php(158): require('/Applications/X...')
#27 {main}

[previous exception] [object] (PDOException(code: 1045): SQLSTATE[HY000] [1045] Access denied for user 'u779015427_kodatik_ibda_u'@'localhost' (using password: YES) at /Applications/XAMPP/xamppfiles/htdocs/ibda/vendor/laravel/framework/src/Illuminate/Database/Connectors/Connector.php:70)
[stacktrace]
#0 /Applications/XAMPP/xamppfiles/htdocs/ibda/vendor/laravel/framework/src/Illuminate/Database/Connectors/Connector.php(70): PDO->__construct('mysql:host=127....', 'u779015427_koda...', 'KOD1855tik', Array)
#1 /Applications/XAMPP/xamppfiles/htdocs/ibda/vendor/laravel/framework/src/Illuminate/Database/Connectors/Connector.php(46): Illuminate\\Database\\Connectors\\Connector->createPdoConnection('mysql:host=127....', 'u779015427_koda...', 'KOD1855tik', Array)
#2 /Applications/XAMPP/xamppfiles/htdocs/ibda/vendor/laravel/framework/src/Illuminate/Database/Connectors/MySqlConnector.php(24): Illuminate\\Database\\Connectors\\Connector->createConnection('mysql:host=127....', Array, Array)
#3 /Applications/XAMPP/xamppfiles/htdocs/ibda/vendor/laravel/framework/src/Illuminate/Database/Connectors/ConnectionFactory.php(182): Illuminate\\Database\\Connectors\\MySqlConnector->connect(Array)
#4 [internal function]: Illuminate\\Database\\Connectors\\ConnectionFactory->Illuminate\\Database\\Connectors\\{closure}()
#5 /Applications/XAMPP/xamppfiles/htdocs/ibda/vendor/laravel/framework/src/Illuminate/Database/Connection.php(924): call_user_func(Object(Closure))
#6 /Applications/XAMPP/xamppfiles/htdocs/ibda/vendor/laravel/framework/src/Illuminate/Database/Connection.php(959): Illuminate\\Database\\Connection->getPdo()
#7 /Applications/XAMPP/xamppfiles/htdocs/ibda/vendor/laravel/framework/src/Illuminate/Database/Connection.php(404): Illuminate\\Database\\Connection->getReadPdo()
#8 /Applications/XAMPP/xamppfiles/htdocs/ibda/vendor/laravel/framework/src/Illuminate/Database/Connection.php(330): Illuminate\\Database\\Connection->getPdoForSelect(true)
#9 /Applications/XAMPP/xamppfiles/htdocs/ibda/vendor/laravel/framework/src/Illuminate/Database/Connection.php(662): Illuminate\\Database\\Connection->Illuminate\\Database\\{closure}('select count(*)...', Array)
#10 /Applications/XAMPP/xamppfiles/htdocs/ibda/vendor/laravel/framework/src/Illuminate/Database/Connection.php(629): Illuminate\\Database\\Connection->runQueryCallback('select count(*)...', Array, Object(Closure))
#11 /Applications/XAMPP/xamppfiles/htdocs/ibda/vendor/laravel/framework/src/Illuminate/Database/Connection.php(338): Illuminate\\Database\\Connection->run('select count(*)...', Array, Object(Closure))
#12 /Applications/XAMPP/xamppfiles/htdocs/ibda/vendor/laravel/framework/src/Illuminate/Database/Query/Builder.php(2132): Illuminate\\Database\\Connection->select('select count(*)...', Array, true)
#13 /Applications/XAMPP/xamppfiles/htdocs/ibda/vendor/laravel/framework/src/Illuminate/Database/Query/Builder.php(2120): Illuminate\\Database\\Query\\Builder->runSelect()
#14 /Applications/XAMPP/xamppfiles/htdocs/ibda/vendor/laravel/framework/src/Illuminate/Database/Query/Builder.php(2586): Illuminate\\Database\\Query\\Builder->Illuminate\\Database\\Query\\{closure}()
#15 /Applications/XAMPP/xamppfiles/htdocs/ibda/vendor/laravel/framework/src/Illuminate/Database/Query/Builder.php(2121): Illuminate\\Database\\Query\\Builder->onceWithColumns(Array, Object(Closure))
#16 /Applications/XAMPP/xamppfiles/htdocs/ibda/vendor/laravel/framework/src/Illuminate/Database/Query/Builder.php(2513): Illuminate\\Database\\Query\\Builder->get(Array)
#17 /Applications/XAMPP/xamppfiles/htdocs/ibda/vendor/laravel/framework/src/Illuminate/Database/Query/Builder.php(2441): Illuminate\\Database\\Query\\Builder->aggregate('count', Array)
#18 /Applications/XAMPP/xamppfiles/htdocs/ibda/vendor/laravel/framework/src/Illuminate/Database/Eloquent/Builder.php(1366): Illuminate\\Database\\Query\\Builder->count()
#19 /Applications/XAMPP/xamppfiles/htdocs/ibda/app/Providers/AppServiceProvider.php(98): Illuminate\\Database\\Eloquent\\Builder->__call('count', Array)
#20 [internal function]: App\\Providers\\AppServiceProvider->boot()
#21 /Applications/XAMPP/xamppfiles/htdocs/ibda/vendor/laravel/framework/src/Illuminate/Container/BoundMethod.php(32): call_user_func_array(Array, Array)
#22 /Applications/XAMPP/xamppfiles/htdocs/ibda/vendor/laravel/framework/src/Illuminate/Container/Util.php(36): Illuminate\\Container\\BoundMethod::Illuminate\\Container\\{closure}()
#23 /Applications/XAMPP/xamppfiles/htdocs/ibda/vendor/laravel/framework/src/Illuminate/Container/BoundMethod.php(90): Illuminate\\Container\\Util::unwrapIfClosure(Object(Closure))
#24 /Applications/XAMPP/xamppfiles/htdocs/ibda/vendor/laravel/framework/src/Illuminate/Container/BoundMethod.php(34): Illuminate\\Container\\BoundMethod::callBoundMethod(Object(Illuminate\\Foundation\\Application), Array, Object(Closure))
#25 /Applications/XAMPP/xamppfiles/htdocs/ibda/vendor/laravel/framework/src/Illuminate/Container/Container.php(590): Illuminate\\Container\\BoundMethod::call(Object(Illuminate\\Foundation\\Application), Array, Array, NULL)
#26 /Applications/XAMPP/xamppfiles/htdocs/ibda/vendor/laravel/framework/src/Illuminate/Foundation/Application.php(836): Illuminate\\Container\\Container->call(Array)
#27 /Applications/XAMPP/xamppfiles/htdocs/ibda/vendor/laravel/framework/src/Illuminate/Foundation/Application.php(819): Illuminate\\Foundation\\Application->bootProvider(Object(App\\Providers\\AppServiceProvider))
#28 [internal function]: Illuminate\\Foundation\\Application->Illuminate\\Foundation\\{closure}(Object(App\\Providers\\AppServiceProvider), 31)
#29 /Applications/XAMPP/xamppfiles/htdocs/ibda/vendor/laravel/framework/src/Illuminate/Foundation/Application.php(820): array_walk(Array, Object(Closure))
#30 /Applications/XAMPP/xamppfiles/htdocs/ibda/vendor/laravel/framework/src/Illuminate/Foundation/Bootstrap/BootProviders.php(17): Illuminate\\Foundation\\Application->boot()
#31 /Applications/XAMPP/xamppfiles/htdocs/ibda/vendor/laravel/framework/src/Illuminate/Foundation/Application.php(219): Illuminate\\Foundation\\Bootstrap\\BootProviders->bootstrap(Object(Illuminate\\Foundation\\Application))
#32 /Applications/XAMPP/xamppfiles/htdocs/ibda/vendor/laravel/framework/src/Illuminate/Foundation/Http/Kernel.php(156): Illuminate\\Foundation\\Application->bootstrapWith(Array)
#33 /Applications/XAMPP/xamppfiles/htdocs/ibda/vendor/laravel/framework/src/Illuminate/Foundation/Http/Kernel.php(140): Illuminate\\Foundation\\Http\\Kernel->bootstrap()
#34 /Applications/XAMPP/xamppfiles/htdocs/ibda/vendor/laravel/framework/src/Illuminate/Foundation/Http/Kernel.php(110): Illuminate\\Foundation\\Http\\Kernel->sendRequestThroughRouter(Object(Illuminate\\Http\\Request))
#35 /Applications/XAMPP/xamppfiles/htdocs/ibda/public/index.php(55): Illuminate\\Foundation\\Http\\Kernel->handle(Object(Illuminate\\Http\\Request))
#36 /Users/abdulsalamalroas/.composer/vendor/laravel/valet/server.php(158): require('/Applications/X...')
#37 {main}
"} 
[2020-03-12 02:54:55] production.ERROR: SQLSTATE[HY000] [1045] Access denied for user 'u779015427_kodatik_ibda_u'@'localhost' (using password: YES) (SQL: select count(*) as aggregate from `users` where `active` = 0 and `users`.`deleted_at` is null) {"exception":"[object] (Illuminate\\Database\\QueryException(code: 1045): SQLSTATE[HY000] [1045] Access denied for user 'u779015427_kodatik_ibda_u'@'localhost' (using password: YES) (SQL: select count(*) as aggregate from `users` where `active` = 0 and `users`.`deleted_at` is null) at /Applications/XAMPP/xamppfiles/htdocs/ibda/vendor/laravel/framework/src/Illuminate/Database/Connection.php:669)
[stacktrace]
#0 /Applications/XAMPP/xamppfiles/htdocs/ibda/vendor/laravel/framework/src/Illuminate/Database/Connection.php(629): Illuminate\\Database\\Connection->runQueryCallback('select count(*)...', Array, Object(Closure))
#1 /Applications/XAMPP/xamppfiles/htdocs/ibda/vendor/laravel/framework/src/Illuminate/Database/Connection.php(338): Illuminate\\Database\\Connection->run('select count(*)...', Array, Object(Closure))
#2 /Applications/XAMPP/xamppfiles/htdocs/ibda/vendor/laravel/framework/src/Illuminate/Database/Query/Builder.php(2132): Illuminate\\Database\\Connection->select('select count(*)...', Array, true)
#3 /Applications/XAMPP/xamppfiles/htdocs/ibda/vendor/laravel/framework/src/Illuminate/Database/Query/Builder.php(2120): Illuminate\\Database\\Query\\Builder->runSelect()
#4 /Applications/XAMPP/xamppfiles/htdocs/ibda/vendor/laravel/framework/src/Illuminate/Database/Query/Builder.php(2586): Illuminate\\Database\\Query\\Builder->Illuminate\\Database\\Query\\{closure}()
#5 /Applications/XAMPP/xamppfiles/htdocs/ibda/vendor/laravel/framework/src/Illuminate/Database/Query/Builder.php(2121): Illuminate\\Database\\Query\\Builder->onceWithColumns(Array, Object(Closure))
#6 /Applications/XAMPP/xamppfiles/htdocs/ibda/vendor/laravel/framework/src/Illuminate/Database/Query/Builder.php(2513): Illuminate\\Database\\Query\\Builder->get(Array)
#7 /Applications/XAMPP/xamppfiles/htdocs/ibda/vendor/laravel/framework/src/Illuminate/Database/Query/Builder.php(2441): Illuminate\\Database\\Query\\Builder->aggregate('count', Array)
#8 /Applications/XAMPP/xamppfiles/htdocs/ibda/vendor/laravel/framework/src/Illuminate/Database/Eloquent/Builder.php(1366): Illuminate\\Database\\Query\\Builder->count()
#9 /Applications/XAMPP/xamppfiles/htdocs/ibda/app/Providers/AppServiceProvider.php(98): Illuminate\\Database\\Eloquent\\Builder->__call('count', Array)
#10 [internal function]: App\\Providers\\AppServiceProvider->boot()
#11 /Applications/XAMPP/xamppfiles/htdocs/ibda/vendor/laravel/framework/src/Illuminate/Container/BoundMethod.php(32): call_user_func_array(Array, Array)
#12 /Applications/XAMPP/xamppfiles/htdocs/ibda/vendor/laravel/framework/src/Illuminate/Container/Util.php(36): Illuminate\\Container\\BoundMethod::Illuminate\\Container\\{closure}()
#13 /Applications/XAMPP/xamppfiles/htdocs/ibda/vendor/laravel/framework/src/Illuminate/Container/BoundMethod.php(90): Illuminate\\Container\\Util::unwrapIfClosure(Object(Closure))
#14 /Applications/XAMPP/xamppfiles/htdocs/ibda/vendor/laravel/framework/src/Illuminate/Container/BoundMethod.php(34): Illuminate\\Container\\BoundMethod::callBoundMethod(Object(Illuminate\\Foundation\\Application), Array, Object(Closure))
#15 /Applications/XAMPP/xamppfiles/htdocs/ibda/vendor/laravel/framework/src/Illuminate/Container/Container.php(590): Illuminate\\Container\\BoundMethod::call(Object(Illuminate\\Foundation\\Application), Array, Array, NULL)
#16 /Applications/XAMPP/xamppfiles/htdocs/ibda/vendor/laravel/framework/src/Illuminate/Foundation/Application.php(836): Illuminate\\Container\\Container->call(Array)
#17 /Applications/XAMPP/xamppfiles/htdocs/ibda/vendor/laravel/framework/src/Illuminate/Foundation/Application.php(819): Illuminate\\Foundation\\Application->bootProvider(Object(App\\Providers\\AppServiceProvider))
#18 [internal function]: Illuminate\\Foundation\\Application->Illuminate\\Foundation\\{closure}(Object(App\\Providers\\AppServiceProvider), 31)
#19 /Applications/XAMPP/xamppfiles/htdocs/ibda/vendor/laravel/framework/src/Illuminate/Foundation/Application.php(820): array_walk(Array, Object(Closure))
#20 /Applications/XAMPP/xamppfiles/htdocs/ibda/vendor/laravel/framework/src/Illuminate/Foundation/Bootstrap/BootProviders.php(17): Illuminate\\Foundation\\Application->boot()
#21 /Applications/XAMPP/xamppfiles/htdocs/ibda/vendor/laravel/framework/src/Illuminate/Foundation/Application.php(219): Illuminate\\Foundation\\Bootstrap\\BootProviders->bootstrap(Object(Illuminate\\Foundation\\Application))
#22 /Applications/XAMPP/xamppfiles/htdocs/ibda/vendor/laravel/framework/src/Illuminate/Foundation/Http/Kernel.php(156): Illuminate\\Foundation\\Application->bootstrapWith(Array)
#23 /Applications/XAMPP/xamppfiles/htdocs/ibda/vendor/laravel/framework/src/Illuminate/Foundation/Http/Kernel.php(140): Illuminate\\Foundation\\Http\\Kernel->bootstrap()
#24 /Applications/XAMPP/xamppfiles/htdocs/ibda/vendor/laravel/framework/src/Illuminate/Foundation/Http/Kernel.php(110): Illuminate\\Foundation\\Http\\Kernel->sendRequestThroughRouter(Object(Illuminate\\Http\\Request))
#25 /Applications/XAMPP/xamppfiles/htdocs/ibda/public/index.php(55): Illuminate\\Foundation\\Http\\Kernel->handle(Object(Illuminate\\Http\\Request))
#26 /Users/abdulsalamalroas/.composer/vendor/laravel/valet/server.php(158): require('/Applications/X...')
#27 {main}

[previous exception] [object] (PDOException(code: 1045): SQLSTATE[HY000] [1045] Access denied for user 'u779015427_kodatik_ibda_u'@'localhost' (using password: YES) at /Applications/XAMPP/xamppfiles/htdocs/ibda/vendor/laravel/framework/src/Illuminate/Database/Connectors/Connector.php:70)
[stacktrace]
#0 /Applications/XAMPP/xamppfiles/htdocs/ibda/vendor/laravel/framework/src/Illuminate/Database/Connectors/Connector.php(70): PDO->__construct('mysql:host=127....', 'u779015427_koda...', 'KOD1855tik', Array)
#1 /Applications/XAMPP/xamppfiles/htdocs/ibda/vendor/laravel/framework/src/Illuminate/Database/Connectors/Connector.php(46): Illuminate\\Database\\Connectors\\Connector->createPdoConnection('mysql:host=127....', 'u779015427_koda...', 'KOD1855tik', Array)
#2 /Applications/XAMPP/xamppfiles/htdocs/ibda/vendor/laravel/framework/src/Illuminate/Database/Connectors/MySqlConnector.php(24): Illuminate\\Database\\Connectors\\Connector->createConnection('mysql:host=127....', Array, Array)
#3 /Applications/XAMPP/xamppfiles/htdocs/ibda/vendor/laravel/framework/src/Illuminate/Database/Connectors/ConnectionFactory.php(182): Illuminate\\Database\\Connectors\\MySqlConnector->connect(Array)
#4 [internal function]: Illuminate\\Database\\Connectors\\ConnectionFactory->Illuminate\\Database\\Connectors\\{closure}()
#5 /Applications/XAMPP/xamppfiles/htdocs/ibda/vendor/laravel/framework/src/Illuminate/Database/Connection.php(924): call_user_func(Object(Closure))
#6 /Applications/XAMPP/xamppfiles/htdocs/ibda/vendor/laravel/framework/src/Illuminate/Database/Connection.php(959): Illuminate\\Database\\Connection->getPdo()
#7 /Applications/XAMPP/xamppfiles/htdocs/ibda/vendor/laravel/framework/src/Illuminate/Database/Connection.php(404): Illuminate\\Database\\Connection->getReadPdo()
#8 /Applications/XAMPP/xamppfiles/htdocs/ibda/vendor/laravel/framework/src/Illuminate/Database/Connection.php(330): Illuminate\\Database\\Connection->getPdoForSelect(true)
#9 /Applications/XAMPP/xamppfiles/htdocs/ibda/vendor/laravel/framework/src/Illuminate/Database/Connection.php(662): Illuminate\\Database\\Connection->Illuminate\\Database\\{closure}('select count(*)...', Array)
#10 /Applications/XAMPP/xamppfiles/htdocs/ibda/vendor/laravel/framework/src/Illuminate/Database/Connection.php(629): Illuminate\\Database\\Connection->runQueryCallback('select count(*)...', Array, Object(Closure))
#11 /Applications/XAMPP/xamppfiles/htdocs/ibda/vendor/laravel/framework/src/Illuminate/Database/Connection.php(338): Illuminate\\Database\\Connection->run('select count(*)...', Array, Object(Closure))
#12 /Applications/XAMPP/xamppfiles/htdocs/ibda/vendor/laravel/framework/src/Illuminate/Database/Query/Builder.php(2132): Illuminate\\Database\\Connection->select('select count(*)...', Array, true)
#13 /Applications/XAMPP/xamppfiles/htdocs/ibda/vendor/laravel/framework/src/Illuminate/Database/Query/Builder.php(2120): Illuminate\\Database\\Query\\Builder->runSelect()
#14 /Applications/XAMPP/xamppfiles/htdocs/ibda/vendor/laravel/framework/src/Illuminate/Database/Query/Builder.php(2586): Illuminate\\Database\\Query\\Builder->Illuminate\\Database\\Query\\{closure}()
#15 /Applications/XAMPP/xamppfiles/htdocs/ibda/vendor/laravel/framework/src/Illuminate/Database/Query/Builder.php(2121): Illuminate\\Database\\Query\\Builder->onceWithColumns(Array, Object(Closure))
#16 /Applications/XAMPP/xamppfiles/htdocs/ibda/vendor/laravel/framework/src/Illuminate/Database/Query/Builder.php(2513): Illuminate\\Database\\Query\\Builder->get(Array)
#17 /Applications/XAMPP/xamppfiles/htdocs/ibda/vendor/laravel/framework/src/Illuminate/Database/Query/Builder.php(2441): Illuminate\\Database\\Query\\Builder->aggregate('count', Array)
#18 /Applications/XAMPP/xamppfiles/htdocs/ibda/vendor/laravel/framework/src/Illuminate/Database/Eloquent/Builder.php(1366): Illuminate\\Database\\Query\\Builder->count()
#19 /Applications/XAMPP/xamppfiles/htdocs/ibda/app/Providers/AppServiceProvider.php(98): Illuminate\\Database\\Eloquent\\Builder->__call('count', Array)
#20 [internal function]: App\\Providers\\AppServiceProvider->boot()
#21 /Applications/XAMPP/xamppfiles/htdocs/ibda/vendor/laravel/framework/src/Illuminate/Container/BoundMethod.php(32): call_user_func_array(Array, Array)
#22 /Applications/XAMPP/xamppfiles/htdocs/ibda/vendor/laravel/framework/src/Illuminate/Container/Util.php(36): Illuminate\\Container\\BoundMethod::Illuminate\\Container\\{closure}()
#23 /Applications/XAMPP/xamppfiles/htdocs/ibda/vendor/laravel/framework/src/Illuminate/Container/BoundMethod.php(90): Illuminate\\Container\\Util::unwrapIfClosure(Object(Closure))
#24 /Applications/XAMPP/xamppfiles/htdocs/ibda/vendor/laravel/framework/src/Illuminate/Container/BoundMethod.php(34): Illuminate\\Container\\BoundMethod::callBoundMethod(Object(Illuminate\\Foundation\\Application), Array, Object(Closure))
#25 /Applications/XAMPP/xamppfiles/htdocs/ibda/vendor/laravel/framework/src/Illuminate/Container/Container.php(590): Illuminate\\Container\\BoundMethod::call(Object(Illuminate\\Foundation\\Application), Array, Array, NULL)
#26 /Applications/XAMPP/xamppfiles/htdocs/ibda/vendor/laravel/framework/src/Illuminate/Foundation/Application.php(836): Illuminate\\Container\\Container->call(Array)
#27 /Applications/XAMPP/xamppfiles/htdocs/ibda/vendor/laravel/framework/src/Illuminate/Foundation/Application.php(819): Illuminate\\Foundation\\Application->bootProvider(Object(App\\Providers\\AppServiceProvider))
#28 [internal function]: Illuminate\\Foundation\\Application->Illuminate\\Foundation\\{closure}(Object(App\\Providers\\AppServiceProvider), 31)
#29 /Applications/XAMPP/xamppfiles/htdocs/ibda/vendor/laravel/framework/src/Illuminate/Foundation/Application.php(820): array_walk(Array, Object(Closure))
#30 /Applications/XAMPP/xamppfiles/htdocs/ibda/vendor/laravel/framework/src/Illuminate/Foundation/Bootstrap/BootProviders.php(17): Illuminate\\Foundation\\Application->boot()
#31 /Applications/XAMPP/xamppfiles/htdocs/ibda/vendor/laravel/framework/src/Illuminate/Foundation/Application.php(219): Illuminate\\Foundation\\Bootstrap\\BootProviders->bootstrap(Object(Illuminate\\Foundation\\Application))
#32 /Applications/XAMPP/xamppfiles/htdocs/ibda/vendor/laravel/framework/src/Illuminate/Foundation/Http/Kernel.php(156): Illuminate\\Foundation\\Application->bootstrapWith(Array)
#33 /Applications/XAMPP/xamppfiles/htdocs/ibda/vendor/laravel/framework/src/Illuminate/Foundation/Http/Kernel.php(140): Illuminate\\Foundation\\Http\\Kernel->bootstrap()
#34 /Applications/XAMPP/xamppfiles/htdocs/ibda/vendor/laravel/framework/src/Illuminate/Foundation/Http/Kernel.php(110): Illuminate\\Foundation\\Http\\Kernel->sendRequestThroughRouter(Object(Illuminate\\Http\\Request))
#35 /Applications/XAMPP/xamppfiles/htdocs/ibda/public/index.php(55): Illuminate\\Foundation\\Http\\Kernel->handle(Object(Illuminate\\Http\\Request))
#36 /Users/abdulsalamalroas/.composer/vendor/laravel/valet/server.php(158): require('/Applications/X...')
#37 {main}
"} 
